2024-07-17 17:56:54.098  INFO 44354 --- [restartedMain] com.exam.CalculatorApplication           : Starting CalculatorApplication using Java 17.0.11 on jp-ThinkPad-E16-Gen-1 with PID 44354 (/home/jp/Escritorio/loanpro/calculator/target/classes started by jp in /home/jp/Escritorio/loanpro/calculator)
2024-07-17 17:56:54.099  INFO 44354 --- [restartedMain] com.exam.CalculatorApplication           : No active profile set, falling back to 1 default profile: "default"
2024-07-17 17:56:54.122  INFO 44354 --- [restartedMain] .e.DevToolsPropertyDefaultsPostProcessor : Devtools property defaults active! Set 'spring.devtools.add-properties' to 'false' to disable
2024-07-17 17:56:54.122  INFO 44354 --- [restartedMain] .e.DevToolsPropertyDefaultsPostProcessor : For additional web related logging consider setting the 'logging.level.web' property to 'DEBUG'
2024-07-17 17:56:54.547  INFO 44354 --- [restartedMain] o.s.b.w.embedded.tomcat.TomcatWebServer  : Tomcat initialized with port(s): 8080 (http)
2024-07-17 17:56:54.552  INFO 44354 --- [restartedMain] o.apache.catalina.core.StandardService   : Starting service [Tomcat]
2024-07-17 17:56:54.552  INFO 44354 --- [restartedMain] org.apache.catalina.core.StandardEngine  : Starting Servlet engine: [Apache Tomcat/9.0.65]
2024-07-17 17:56:54.570  INFO 44354 --- [restartedMain] o.a.c.c.C.[Tomcat].[localhost].[/]       : Initializing Spring embedded WebApplicationContext
2024-07-17 17:56:54.570  INFO 44354 --- [restartedMain] w.s.c.ServletWebServerApplicationContext : Root WebApplicationContext: initialization completed in 447 ms
2024-07-17 17:56:54.743  INFO 44354 --- [restartedMain] o.s.b.d.a.OptionalLiveReloadServer       : LiveReload server is running on port 35729
2024-07-17 17:56:54.753  INFO 44354 --- [restartedMain] o.s.b.w.embedded.tomcat.TomcatWebServer  : Tomcat started on port(s): 8080 (http) with context path ''
2024-07-17 17:56:54.757  INFO 44354 --- [restartedMain] com.exam.CalculatorApplication           : Started CalculatorApplication in 0.79 seconds (JVM running for 0.93)
2024-07-17 17:56:59.884  INFO 44354 --- [http-nio-8080-exec-2] o.a.c.c.C.[Tomcat].[localhost].[/]       : Initializing Spring DispatcherServlet 'dispatcherServlet'
2024-07-17 17:56:59.885  INFO 44354 --- [http-nio-8080-exec-2] o.s.web.servlet.DispatcherServlet        : Initializing Servlet 'dispatcherServlet'
2024-07-17 17:56:59.886  INFO 44354 --- [http-nio-8080-exec-2] o.s.web.servlet.DispatcherServlet        : Completed initialization in 1 ms
2024-07-17 17:56:59.965  INFO 44354 --- [http-nio-8080-exec-2] c.exam.controller.CalculatorController   : Root square : 8.77
2024-07-17 17:57:11.046  INFO 44354 --- [http-nio-8080-exec-3] c.exam.controller.CalculatorController   : Root square : 12.33
2024-07-17 18:11:36.411  INFO 44354 --- [http-nio-8080-exec-6] c.exam.controller.CalculatorController   : Root square : 12.33
2024-07-17 18:11:41.372  INFO 44354 --- [http-nio-8080-exec-7] c.exam.controller.CalculatorController   : Root square : 12.33
2024-07-17 18:11:59.007  INFO 44354 --- [http-nio-8080-exec-9] c.exam.controller.CalculatorController   : Root square : 12.33
